<?xml version="1.0" encoding="UTF-8"?>
<testng-results ignored="0" total="1" passed="1" failed="0" skipped="0">
  <reporter-output>
  </reporter-output>
  <suite started-at="2023-05-27T17:23:15 IST" name="Default suite" finished-at="2023-05-27T17:23:31 IST" duration-ms="15461">
    <groups>
    </groups>
    <test started-at="2023-05-27T17:23:15 IST" name="Default test" finished-at="2023-05-27T17:23:31 IST" duration-ms="15461">
      <class name="ai.iamneo.assignmentthree.Testing_Selenium_TestngThree.AppTest">
        <test-method is-config="true" signature="setup(java.lang.String)[pri:0, instance:ai.iamneo.assignmentthree.Testing_Selenium_TestngThree.AppTest@b9b00e0]" started-at="2023-05-27T17:23:15 IST" name="setup" finished-at="2023-05-27T17:23:20 IST" duration-ms="5083" status="PASS">
          <params>
            <param index="0">
              <value>
                <![CDATA[chrome]]>
              </value>
            </param>
          </params>
          <reporter-output>
          </reporter-output>
        </test-method> <!-- setup -->
        <test-method signature="countLinksOnHomePage()[pri:0, instance:ai.iamneo.assignmentthree.Testing_Selenium_TestngThree.AppTest@b9b00e0]" started-at="2023-05-27T17:23:20 IST" name="countLinksOnHomePage" finished-at="2023-05-27T17:23:20 IST" duration-ms="70" status="PASS">
          <reporter-output>
          </reporter-output>
        </test-method> <!-- countLinksOnHomePage -->
        <test-method is-config="true" signature="printLinksOnHomePage()[pri:0, instance:ai.iamneo.assignmentthree.Testing_Selenium_TestngThree.AppTest@b9b00e0]" started-at="2023-05-27T17:23:20 IST" name="printLinksOnHomePage" finished-at="2023-05-27T17:23:31 IST" duration-ms="10260" status="PASS">
          <reporter-output>
          </reporter-output>
        </test-method> <!-- printLinksOnHomePage -->
      </class> <!-- ai.iamneo.assignmentthree.Testing_Selenium_TestngThree.AppTest -->
    </test> <!-- Default test -->
  </suite> <!-- Default suite -->
</testng-results>
